app/build/intermediates/manifest_merge_blame_file/debug/manifest-merger-blame-debug-report.txt
1<?xml version="1.0" encoding="utf-8"?>
2<manifest xmlns:android="http://schemas.android.com/apk/res/android"
3    package="com.example.aicp10"
4    android:versionCode="1"
5    android:versionName="1.0" >
6
7    <uses-sdk
7-->src\main\AndroidManifest.xml:7:5-9:41
8        android:minSdkVersion="21"
8-->src\main\AndroidManifest.xml:8:9-35
9        android:targetSdkVersion="21" />
9-->src\main\AndroidManifest.xml:9:9-38
10
11    <uses-permission android:name="android.permission.WRITE_EXTERNAL_STORAGE" />
11-->src\main\AndroidManifest.xml:10:5-80
11-->src\main\AndroidManifest.xml:10:22-78
12    <uses-permission android:name="android.permission.INTERNET" />
12-->src\main\AndroidManifest.xml:11:5-66
12-->src\main\AndroidManifest.xml:11:22-64
13    <uses-permission android:name="android.permission.ACCESS_NETWORK_STATE" />
13-->src\main\AndroidManifest.xml:12:5-78
13-->src\main\AndroidManifest.xml:12:22-76
14    <uses-permission android:name="android.permission.RECORD_AUDIO" />
14-->src\main\AndroidManifest.xml:13:5-70
14-->src\main\AndroidManifest.xml:13:22-68
15
16    <application
16-->src\main\AndroidManifest.xml:15:5-29:19
17        android:allowBackup="true"
17-->src\main\AndroidManifest.xml:16:9-35
18        android:debuggable="true"
19        android:icon="@drawable/ic_launcher"
19-->src\main\AndroidManifest.xml:17:9-45
20        android:label="@string/app_name"
20-->src\main\AndroidManifest.xml:18:9-41
21        android:theme="@style/AppTheme" >
21-->src\main\AndroidManifest.xml:19:9-40
22        <activity
22-->src\main\AndroidManifest.xml:20:9-28:20
23            android:name="com.example.aicp10.MainActivity"
23-->src\main\AndroidManifest.xml:21:13-41
24            android:label="@string/app_name" >
24-->src\main\AndroidManifest.xml:22:13-45
25            <intent-filter>
25-->src\main\AndroidManifest.xml:23:13-27:29
26                <action android:name="android.intent.action.MAIN" />
26-->src\main\AndroidManifest.xml:24:17-69
26-->src\main\AndroidManifest.xml:24:25-66
27
28                <category android:name="android.intent.category.LAUNCHER" />
28-->src\main\AndroidManifest.xml:26:17-77
28-->src\main\AndroidManifest.xml:26:27-74
29            </intent-filter>
30        </activity>
31    </application>
32
33</manifest>